<?xml version="1.0" encoding="UTF-8" ?>
<testsuite tests="6" failures="0" name="springalltests.SpringContextTest" time="1.48" errors="0" skipped="4">
  <properties>
[...]
</properties>
  <testcase classname="springalltests.SpringContextTest" name="getUsersWithCookie" time="0">
    <skipped/>
  </testcase>
  <testcase classname="springalltests.SpringContextTest" name="mockTest" time="0.039"/>
  <testcase classname="springalltests.SpringContextTest" name="getJson" time="0.039">
    <skipped/>
  </testcase>
  <testcase classname="springalltests.SpringContextTest" name="prototypeTest" time="0.003"/>
  <testcase classname="springalltests.SpringContextTest" name="mainController" time="0.004">
    <skipped/>
  </testcase>
  <testcase classname="springalltests.SpringContextTest" name="getUsers" time="0.004">
    <skipped/>
  </testcase>
</testsuite>